<?xml version="1.0" encoding="UTF-8"?>
<project xmlns="http://maven.apache.org/POM/4.1.0"
         xmlns:xsi="http://www.w3.org/2001/XMLSchema-instance"
         xsi:schemaLocation="http://maven.apache.org/POM/4.1.0 https://maven.apache.org/xsd/maven-4.1.0.xsd">
    <modelVersion>4.1.0</modelVersion>

    <groupId>org.junit</groupId>
    <artifactId>bom</artifactId>
    <version>0.1</version>
    <packaging>pom</packaging>

    <dependencyManagement>
        <dependencies>
            <dependency>
                <groupId>org.junit</groupId>
                <artifactId>junit</artifactId>
                <version>0.1</version>
            </dependency>
        </dependencies>
    </dependencyManagement>

</project>
